{"logTime": "0926/174458", "correlationVector":"gobX0LTzn4SBvkv/17rzEc.1","action":"SyncServerConnectionManagerRequest", "result":"SYNC_SERVER_OK", "context":{"environment":"Prod_EastUS2_000e", "migrationStage":"NotStarted", "server":"GENERAL0100002Q"}}
{"logTime": "0926/174458", "correlationVector":"S7l3uqxxPy0apSNdl/05Yw","action":"SyncServerConnectionManagerRequest", "result":"SYNC_SERVER_OK", "context":{"environment":"", "migrationStage":"", "server":""}}
{"logTime": "0926/174458", "correlationVector":"gobX0LTzn4SBvkv/17rzEc","action":"Initial GetUpdates", "result":"", "context":Reason: NEW_CLIENT. cV=gobX0LTzn4SBvkv/17rzEc}
{"logTime": "0926/174458", "correlationVector":"gobX0LTzn4SBvkv/17rzEc.2","action":"GetUpdates Response", "result":"Success", "context":Received 1 update(s). cV=gobX0LTzn4SBvkv/17rzEc.0;server=GENERAL0100002Q;cloudType=Consumer;environment=Prod_EastUS2_000e;migrationStage=NotStarted}
{"logTime": "0926/174458", "correlationVector":"v59U8otwGxxlljHa4xJKvv","action":"Initial GetUpdates", "result":"", "context":Reason: NEWLY_SUPPORTED_DATATYPE. cV=v59U8otwGxxlljHa4xJKvv}
{"logTime": "0926/174459", "correlationVector":"v59U8otwGxxlljHa4xJKvv.1","action":"SyncServerConnectionManagerRequest", "result":"SYNC_SERVER_OK", "context":{"environment":"Prod_EastUS2_000e", "migrationStage":"NotStarted", "server":"GENERAL0100002R"}}
{"logTime": "0926/174459", "correlationVector":"v59U8otwGxxlljHa4xJKvv.2","action":"GetUpdates", "result":"DeleteReceived", "context":{"id":"503c5eaf-bd4f-4abe-9876-45efb64701a4", "isDeleted:":"true", "version":"1713809427209"}}
{"logTime": "0926/174459", "correlationVector":"v59U8otwGxxlljHa4xJKvv.3","action":"GetUpdates", "result":"DeleteReceived", "context":{"id":"f8d555ea-78b5-4e68-b566-a60a97726745", "isDeleted:":"true", "version":"1713809430175"}}
{"logTime": "0926/174459", "correlationVector":"v59U8otwGxxlljHa4xJKvv.4","action":"GetUpdates", "result":"DeleteReceived", "context":{"id":"11a8d1a4-b6bf-4a85-9bbc-b418fced85e9", "isDeleted:":"true", "version":"1713809438094"}}
{"logTime": "0926/174459", "correlationVector":"v59U8otwGxxlljHa4xJKvv.5","action":"GetUpdates", "result":"DeleteReceived", "context":{"id":"73bcdc36-583a-4313-9a0a-fbfb19277d2b", "isDeleted:":"true", "version":"1713809459161"}}
{"logTime": "0926/174459", "correlationVector":"v59U8otwGxxlljHa4xJKvv.6","action":"GetUpdates Response", "result":"Success", "context":Received 131 update(s). cV=v59U8otwGxxlljHa4xJKvv.0;server=GENERAL0100002R;cloudType=Consumer;environment=Prod_EastUS2_000e;migrationStage=NotStarted}
{"logTime": "0926/174459", "correlationVector":"f+9ROZn35UK7OVpZoPYZ6o","action":"Initial GetUpdates", "result":"", "context":Reason: NEWLY_SUPPORTED_DATATYPE. cV=f+9ROZn35UK7OVpZoPYZ6o}
{"logTime": "0926/174459", "correlationVector":"f+9ROZn35UK7OVpZoPYZ6o.1","action":"SyncServerConnectionManagerRequest", "result":"SYNC_SERVER_OK", "context":{"environment":"Prod_EastUS2_000e", "migrationStage":"NotStarted", "server":"GENERAL01000002"}}
{"logTime": "0926/174459", "correlationVector":"f+9ROZn35UK7OVpZoPYZ6o.2","action":"GetUpdates Response", "result":"Success", "context":Received 7 update(s). cV=f+9ROZn35UK7OVpZoPYZ6o.0;server=GENERAL01000002;cloudType=Consumer;environment=Prod_EastUS2_000e;migrationStage=NotStarted}
{"logTime": "0926/174459", "correlationVector":"3K2rdTrIX+HLM5eISEBlhB","action":"Initial GetUpdates", "result":"", "context":Reason: NEWLY_SUPPORTED_DATATYPE. cV=3K2rdTrIX+HLM5eISEBlhB}
{"logTime": "0926/174501", "correlationVector":"3K2rdTrIX+HLM5eISEBlhB.1","action":"SyncServerConnectionManagerRequest", "result":"SYNC_SERVER_OK", "context":{"environment":"Prod_EastUS2_000e", "migrationStage":"NotStarted", "server":"general0100002U"}}
{"logTime": "0926/174501", "correlationVector":"3K2rdTrIX+HLM5eISEBlhB.2","action":"GetUpdates Response", "result":"Success", "context":Received 250 update(s). cV=3K2rdTrIX+HLM5eISEBlhB.0;server=general0100002U;cloudType=Consumer;environment=Prod_EastUS2_000e;migrationStage=NotStarted Some updates remain.}
{"logTime": "0926/174501", "correlationVector":"mUY0+y7e+rx7JnXyvkREcV","action":"Initial GetUpdates", "result":"", "context":Reason: NEWLY_SUPPORTED_DATATYPE. cV=mUY0+y7e+rx7JnXyvkREcV}
{"logTime": "0926/174502", "correlationVector":"mUY0+y7e+rx7JnXyvkREcV.1","action":"SyncServerConnectionManagerRequest", "result":"SYNC_SERVER_OK", "context":{"environment":"Prod_EastUS2_000e", "migrationStage":"NotStarted", "server":"GENERAL0100000G"}}
{"logTime": "0926/174502", "correlationVector":"mUY0+y7e+rx7JnXyvkREcV.2","action":"GetUpdates Response", "result":"Success", "context":Received 250 update(s). cV=mUY0+y7e+rx7JnXyvkREcV.0;server=GENERAL0100000G;cloudType=Consumer;environment=Prod_EastUS2_000e;migrationStage=NotStarted Some updates remain.}
{"logTime": "0926/174502", "correlationVector":"ebDEUcE1rmM6mA9CUrtqsR","action":"Initial GetUpdates", "result":"", "context":Reason: NEWLY_SUPPORTED_DATATYPE. cV=ebDEUcE1rmM6mA9CUrtqsR}
{"logTime": "0926/174502", "correlationVector":"ebDEUcE1rmM6mA9CUrtqsR.1","action":"SyncServerConnectionManagerRequest", "result":"SYNC_SERVER_OK", "context":{"environment":"Prod_EastUS2_000e", "migrationStage":"NotStarted", "server":"GENERAL0100001W"}}
{"logTime": "0926/174502", "correlationVector":"ebDEUcE1rmM6mA9CUrtqsR.2","action":"GetUpdates Response", "result":"Success", "context":Received 250 update(s). cV=ebDEUcE1rmM6mA9CUrtqsR.0;server=GENERAL0100001W;cloudType=Consumer;environment=Prod_EastUS2_000e;migrationStage=NotStarted Some updates remain.}
{"logTime": "0926/174502", "correlationVector":"TvCuqCLdRNNf/4hxjjVZSv","action":"Initial GetUpdates", "result":"", "context":Reason: NEWLY_SUPPORTED_DATATYPE. cV=TvCuqCLdRNNf/4hxjjVZSv}
{"logTime": "0926/174503", "correlationVector":"TvCuqCLdRNNf/4hxjjVZSv.1","action":"SyncServerConnectionManagerRequest", "result":"SYNC_SERVER_OK", "context":{"environment":"Prod_EastUS2_000e", "migrationStage":"NotStarted", "server":"GENERAL01000021"}}
{"logTime": "0926/174503", "correlationVector":"TvCuqCLdRNNf/4hxjjVZSv.2","action":"GetUpdates Response", "result":"Success", "context":Received 250 update(s). cV=TvCuqCLdRNNf/4hxjjVZSv.0;server=GENERAL01000021;cloudType=Consumer;environment=Prod_EastUS2_000e;migrationStage=NotStarted Some updates remain.}
{"logTime": "0926/174503", "correlationVector":"CYGrq9CyMu4ntOzhB/MGfB","action":"Initial GetUpdates", "result":"", "context":Reason: NEWLY_SUPPORTED_DATATYPE. cV=CYGrq9CyMu4ntOzhB/MGfB}
{"logTime": "0926/174504", "correlationVector":"CYGrq9CyMu4ntOzhB/MGfB.1","action":"SyncServerConnectionManagerRequest", "result":"SYNC_SERVER_OK", "context":{"environment":"Prod_EastUS2_000e", "migrationStage":"NotStarted", "server":"GENERAL0100000Y"}}
{"logTime": "0926/174504", "correlationVector":"CYGrq9CyMu4ntOzhB/MGfB.2","action":"GetUpdates Response", "result":"Success", "context":Received 250 update(s). cV=CYGrq9CyMu4ntOzhB/MGfB.0;server=GENERAL0100000Y;cloudType=Consumer;environment=Prod_EastUS2_000e;migrationStage=NotStarted Some updates remain.}
{"logTime": "0926/174504", "correlationVector":"U2oZxDQaHdp3njFe7sZZE6","action":"Initial GetUpdates", "result":"", "context":Reason: NEWLY_SUPPORTED_DATATYPE. cV=U2oZxDQaHdp3njFe7sZZE6}
{"logTime": "0926/174505", "correlationVector":"U2oZxDQaHdp3njFe7sZZE6.1","action":"SyncServerConnectionManagerRequest", "result":"SYNC_SERVER_OK", "context":{"environment":"Prod_EastUS2_000e", "migrationStage":"NotStarted", "server":"GENERAL0100001B"}}
{"logTime": "0926/174505", "correlationVector":"U2oZxDQaHdp3njFe7sZZE6.2","action":"GetUpdates Response", "result":"Success", "context":Received 250 update(s). cV=U2oZxDQaHdp3njFe7sZZE6.0;server=GENERAL0100001B;cloudType=Consumer;environment=Prod_EastUS2_000e;migrationStage=NotStarted Some updates remain.}
{"logTime": "0926/174505", "correlationVector":"MDJ0+o5BMBfPfAt3jP/IcP","action":"Initial GetUpdates", "result":"", "context":Reason: NEWLY_SUPPORTED_DATATYPE. cV=MDJ0+o5BMBfPfAt3jP/IcP}
{"logTime": "0926/174506", "correlationVector":"MDJ0+o5BMBfPfAt3jP/IcP.1","action":"SyncServerConnectionManagerRequest", "result":"SYNC_SERVER_OK", "context":{"environment":"Prod_EastUS2_000e", "migrationStage":"NotStarted", "server":"GENERAL0100002I"}}
{"logTime": "0926/174506", "correlationVector":"MDJ0+o5BMBfPfAt3jP/IcP.2","action":"GetUpdates Response", "result":"Success", "context":Received 250 update(s). cV=MDJ0+o5BMBfPfAt3jP/IcP.0;server=GENERAL0100002I;cloudType=Consumer;environment=Prod_EastUS2_000e;migrationStage=NotStarted Some updates remain.}
{"logTime": "0926/174506", "correlationVector":"3RT+fRkdez7gefKsHZqagJ","action":"Initial GetUpdates", "result":"", "context":Reason: NEWLY_SUPPORTED_DATATYPE. cV=3RT+fRkdez7gefKsHZqagJ}
{"logTime": "0926/174508", "correlationVector":"3RT+fRkdez7gefKsHZqagJ.1","action":"SyncServerConnectionManagerRequest", "result":"SYNC_SERVER_OK", "context":{"environment":"Prod_EastUS2_000e", "migrationStage":"NotStarted", "server":"GENERAL01000026"}}
{"logTime": "0926/174508", "correlationVector":"3RT+fRkdez7gefKsHZqagJ.2","action":"GetUpdates Response", "result":"Success", "context":Received 250 update(s). cV=3RT+fRkdez7gefKsHZqagJ.0;server=GENERAL01000026;cloudType=Consumer;environment=Prod_EastUS2_000e;migrationStage=NotStarted Some updates remain.}
{"logTime": "0926/174508", "correlationVector":"5kGF6ur67avXJYsCQ8ZXrs","action":"Initial GetUpdates", "result":"", "context":Reason: NEWLY_SUPPORTED_DATATYPE. cV=5kGF6ur67avXJYsCQ8ZXrs}
{"logTime": "0926/174508", "correlationVector":"5kGF6ur67avXJYsCQ8ZXrs.1","action":"SyncServerConnectionManagerRequest", "result":"SYNC_SERVER_OK", "context":{"environment":"Prod_EastUS2_000e", "migrationStage":"NotStarted", "server":"GENERAL01000001"}}
{"logTime": "0926/174508", "correlationVector":"5kGF6ur67avXJYsCQ8ZXrs.2","action":"GetUpdates Response", "result":"Success", "context":Received 250 update(s). cV=5kGF6ur67avXJYsCQ8ZXrs.0;server=GENERAL01000001;cloudType=Consumer;environment=Prod_EastUS2_000e;migrationStage=NotStarted Some updates remain.}
{"logTime": "0926/174508", "correlationVector":"LFEfgiVUN0t9f1n/ONDTeH","action":"Initial GetUpdates", "result":"", "context":Reason: NEWLY_SUPPORTED_DATATYPE. cV=LFEfgiVUN0t9f1n/ONDTeH}
{"logTime": "0926/174510", "correlationVector":"LFEfgiVUN0t9f1n/ONDTeH.1","action":"SyncServerConnectionManagerRequest", "result":"SYNC_SERVER_OK", "context":{"environment":"Prod_EastUS2_000e", "migrationStage":"NotStarted", "server":"GENERAL0100002W"}}
{"logTime": "0926/174510", "correlationVector":"LFEfgiVUN0t9f1n/ONDTeH.2","action":"GetUpdates Response", "result":"Success", "context":Received 250 update(s). cV=LFEfgiVUN0t9f1n/ONDTeH.0;server=GENERAL0100002W;cloudType=Consumer;environment=Prod_EastUS2_000e;migrationStage=NotStarted Some updates remain.}
{"logTime": "0926/174510", "correlationVector":"FcFRgYhyCfedPcPU87yNYZ","action":"Initial GetUpdates", "result":"", "context":Reason: NEWLY_SUPPORTED_DATATYPE. cV=FcFRgYhyCfedPcPU87yNYZ}
{"logTime": "0926/174511", "correlationVector":"FcFRgYhyCfedPcPU87yNYZ.1","action":"SyncServerConnectionManagerRequest", "result":"SYNC_SERVER_OK", "context":{"environment":"Prod_EastUS2_000e", "migrationStage":"NotStarted", "server":"GENERAL0100002C"}}
{"logTime": "0926/174511", "correlationVector":"FcFRgYhyCfedPcPU87yNYZ.2","action":"GetUpdates Response", "result":"Success", "context":Received 250 update(s). cV=FcFRgYhyCfedPcPU87yNYZ.0;server=GENERAL0100002C;cloudType=Consumer;environment=Prod_EastUS2_000e;migrationStage=NotStarted Some updates remain.}
{"logTime": "0926/174511", "correlationVector":"Nb3yCKLpIxGzAFJi/x/ZVZ","action":"Initial GetUpdates", "result":"", "context":Reason: NEWLY_SUPPORTED_DATATYPE. cV=Nb3yCKLpIxGzAFJi/x/ZVZ}
{"logTime": "0926/174512", "correlationVector":"Nb3yCKLpIxGzAFJi/x/ZVZ.1","action":"SyncServerConnectionManagerRequest", "result":"SYNC_SERVER_OK", "context":{"environment":"Prod_EastUS2_000e", "migrationStage":"NotStarted", "server":"GENERAL0100001K"}}
{"logTime": "0926/174512", "correlationVector":"Nb3yCKLpIxGzAFJi/x/ZVZ.2","action":"GetUpdates Response", "result":"Success", "context":Received 250 update(s). cV=Nb3yCKLpIxGzAFJi/x/ZVZ.0;server=GENERAL0100001K;cloudType=Consumer;environment=Prod_EastUS2_000e;migrationStage=NotStarted Some updates remain.}
{"logTime": "0926/174512", "correlationVector":"Affgwjg1DRxZWhlA6Rulit","action":"Initial GetUpdates", "result":"", "context":Reason: NEWLY_SUPPORTED_DATATYPE. cV=Affgwjg1DRxZWhlA6Rulit}
{"logTime": "0926/174513", "correlationVector":"Affgwjg1DRxZWhlA6Rulit.1","action":"SyncServerConnectionManagerRequest", "result":"SYNC_SERVER_OK", "context":{"environment":"Prod_EastUS2_000e", "migrationStage":"NotStarted", "server":"GENERAL01000005"}}
{"logTime": "0926/174513", "correlationVector":"Affgwjg1DRxZWhlA6Rulit.2","action":"GetUpdates Response", "result":"Success", "context":Received 250 update(s). cV=Affgwjg1DRxZWhlA6Rulit.0;server=GENERAL01000005;cloudType=Consumer;environment=Prod_EastUS2_000e;migrationStage=NotStarted Some updates remain.}
{"logTime": "0926/174513", "correlationVector":"s2PI1E3Sep0vphw9cdLXxP","action":"Initial GetUpdates", "result":"", "context":Reason: NEWLY_SUPPORTED_DATATYPE. cV=s2PI1E3Sep0vphw9cdLXxP}
{"logTime": "0926/174515", "correlationVector":"s2PI1E3Sep0vphw9cdLXxP.1","action":"SyncServerConnectionManagerRequest", "result":"SYNC_SERVER_OK", "context":{"environment":"Prod_EastUS2_000e", "migrationStage":"NotStarted", "server":"GENERAL0100001U"}}
{"logTime": "0926/174515", "correlationVector":"s2PI1E3Sep0vphw9cdLXxP.2","action":"GetUpdates Response", "result":"Success", "context":Received 250 update(s). cV=s2PI1E3Sep0vphw9cdLXxP.0;server=GENERAL0100001U;cloudType=Consumer;environment=Prod_EastUS2_000e;migrationStage=NotStarted Some updates remain.}
{"logTime": "0926/174515", "correlationVector":"K6FcWOmYp+A3TFTz5YzSHt","action":"Initial GetUpdates", "result":"", "context":Reason: NEWLY_SUPPORTED_DATATYPE. cV=K6FcWOmYp+A3TFTz5YzSHt}
{"logTime": "0926/174515", "correlationVector":"K6FcWOmYp+A3TFTz5YzSHt.1","action":"SyncServerConnectionManagerRequest", "result":"SYNC_SERVER_OK", "context":{"environment":"Prod_EastUS2_000e", "migrationStage":"NotStarted", "server":"GENERAL0100000G"}}
{"logTime": "0926/174515", "correlationVector":"K6FcWOmYp+A3TFTz5YzSHt.2","action":"GetUpdates Response", "result":"Success", "context":Received 250 update(s). cV=K6FcWOmYp+A3TFTz5YzSHt.0;server=GENERAL0100000G;cloudType=Consumer;environment=Prod_EastUS2_000e;migrationStage=NotStarted Some updates remain.}
{"logTime": "0926/174515", "correlationVector":"Ah9Qtvo1cuLAUm0s5EJM3/","action":"Initial GetUpdates", "result":"", "context":Reason: NEWLY_SUPPORTED_DATATYPE. cV=Ah9Qtvo1cuLAUm0s5EJM3/}
{"logTime": "0926/174516", "correlationVector":"Ah9Qtvo1cuLAUm0s5EJM3/.1","action":"SyncServerConnectionManagerRequest", "result":"SYNC_SERVER_OK", "context":{"environment":"Prod_EastUS2_000e", "migrationStage":"NotStarted", "server":"GENERAL0100000Q"}}
{"logTime": "0926/174516", "correlationVector":"Ah9Qtvo1cuLAUm0s5EJM3/.2","action":"GetUpdates", "result":"DeleteReceived", "context":{"id":"463318db-2e9e-4079-8582-3140d5c28764", "isDeleted:":"true", "version":"1719959417464"}}
{"logTime": "0926/174516", "correlationVector":"Ah9Qtvo1cuLAUm0s5EJM3/.3","action":"GetUpdates", "result":"DeleteReceived", "context":{"id":"47c181e4-251f-48eb-bfa7-88fef88a03ae", "isDeleted:":"true", "version":"1719959417465"}}
{"logTime": "0926/174516", "correlationVector":"Ah9Qtvo1cuLAUm0s5EJM3/.4","action":"GetUpdates", "result":"DeleteReceived", "context":{"id":"7d48f3df-45d0-418e-8704-7e5ce80ccd29", "isDeleted:":"true", "version":"1719959417467"}}
{"logTime": "0926/174516", "correlationVector":"Ah9Qtvo1cuLAUm0s5EJM3/.5","action":"GetUpdates", "result":"DeleteReceived", "context":{"id":"e1dbfcee-9d52-4745-8b1b-5b0e0a111329", "isDeleted:":"true", "version":"1719975473391"}}
{"logTime": "0926/174516", "correlationVector":"Ah9Qtvo1cuLAUm0s5EJM3/.6","action":"GetUpdates", "result":"DeleteReceived", "context":{"id":"68035311-21a9-4138-af07-3ee86a33245b", "isDeleted:":"true", "version":"1719975473392"}}
{"logTime": "0926/174516", "correlationVector":"Ah9Qtvo1cuLAUm0s5EJM3/.7","action":"GetUpdates", "result":"DeleteReceived", "context":{"id":"e68755c2-9b40-43ea-866c-87fcf293029c", "isDeleted:":"true", "version":"1720058888293"}}
{"logTime": "0926/174516", "correlationVector":"Ah9Qtvo1cuLAUm0s5EJM3/.8","action":"GetUpdates", "result":"DeleteReceived", "context":{"id":"fac2ca82-4134-4bb1-a1bd-29ba6554c9e7", "isDeleted:":"true", "version":"1720184191314"}}
{"logTime": "0926/174516", "correlationVector":"Ah9Qtvo1cuLAUm0s5EJM3/.9","action":"GetUpdates", "result":"DeleteReceived", "context":{"id":"ae547379-c28b-41f0-b2a1-a2ebfb22b74b", "isDeleted:":"true", "version":"1720292457503"}}
{"logTime": "0926/174516", "correlationVector":"Ah9Qtvo1cuLAUm0s5EJM3/.10","action":"GetUpdates", "result":"DeleteReceived", "context":{"id":"c3acda01-eeea-4be0-b96c-7d105a507cef", "isDeleted:":"true", "version":"1720382439723"}}
{"logTime": "0926/174516", "correlationVector":"Ah9Qtvo1cuLAUm0s5EJM3/.11","action":"GetUpdates", "result":"DeleteReceived", "context":{"id":"ba32ac28-867c-4667-9d85-98617195aacf", "isDeleted:":"true", "version":"1720382439725"}}
{"logTime": "0926/174516", "correlationVector":"Ah9Qtvo1cuLAUm0s5EJM3/.12","action":"GetUpdates", "result":"DeleteReceived", "context":{"id":"968822ca-40dc-44eb-9417-f344d2bd7e3e", "isDeleted:":"true", "version":"1720404255933"}}
{"logTime": "0926/174516", "correlationVector":"Ah9Qtvo1cuLAUm0s5EJM3/.13","action":"GetUpdates", "result":"DeleteReceived", "context":{"id":"43df2d77-983e-4f0d-9d85-ee5bc46c7e56", "isDeleted:":"true", "version":"1720406952515"}}
{"logTime": "0926/174516", "correlationVector":"Ah9Qtvo1cuLAUm0s5EJM3/.14","action":"GetUpdates", "result":"DeleteReceived", "context":{"id":"3e2f1ed8-0a83-41d8-8762-5697a6e83437", "isDeleted:":"true", "version":"1720406952516"}}
{"logTime": "0926/174516", "correlationVector":"Ah9Qtvo1cuLAUm0s5EJM3/.15","action":"GetUpdates", "result":"DeleteReceived", "context":{"id":"f5754cc2-d234-453a-ad7a-1bef493a049f", "isDeleted:":"true", "version":"1720406952520"}}
{"logTime": "0926/174516", "correlationVector":"Ah9Qtvo1cuLAUm0s5EJM3/.16","action":"GetUpdates Response", "result":"Success", "context":Received 250 update(s). cV=Ah9Qtvo1cuLAUm0s5EJM3/.0;server=GENERAL0100000Q;cloudType=Consumer;environment=Prod_EastUS2_000e;migrationStage=NotStarted Some updates remain.}
{"logTime": "0926/174516", "correlationVector":"WIkWDQecInu/GiD2V0KRYl","action":"Initial GetUpdates", "result":"", "context":Reason: NEWLY_SUPPORTED_DATATYPE. cV=WIkWDQecInu/GiD2V0KRYl}
{"logTime": "0926/174517", "correlationVector":"WIkWDQecInu/GiD2V0KRYl.1","action":"SyncServerConnectionManagerRequest", "result":"SYNC_SERVER_OK", "context":{"environment":"Prod_EastUS2_000e", "migrationStage":"NotStarted", "server":"general0100000D"}}
{"logTime": "0926/174517", "correlationVector":"WIkWDQecInu/GiD2V0KRYl.2","action":"GetUpdates", "result":"DeleteReceived", "context":{"id":"92fc433f-7bbd-469d-9c20-82e5d196e5fa", "isDeleted:":"true", "version":"1722905087073"}}
{"logTime": "0926/174517", "correlationVector":"WIkWDQecInu/GiD2V0KRYl.3","action":"GetUpdates", "result":"DeleteReceived", "context":{"id":"7249849b-53aa-40e7-8176-ce47a202176d", "isDeleted:":"true", "version":"1722905087080"}}
{"logTime": "0926/174517", "correlationVector":"WIkWDQecInu/GiD2V0KRYl.4","action":"GetUpdates", "result":"DeleteReceived", "context":{"id":"8fb55992-118e-4a25-bf55-c8384ee8fb13", "isDeleted:":"true", "version":"1722905087089"}}
{"logTime": "0926/174517", "correlationVector":"WIkWDQecInu/GiD2V0KRYl.5","action":"GetUpdates", "result":"DeleteReceived", "context":{"id":"6da3014a-917d-47c9-b57c-a6ecb3aa4f1b", "isDeleted:":"true", "version":"1722905087090"}}
{"logTime": "0926/174517", "correlationVector":"WIkWDQecInu/GiD2V0KRYl.6","action":"GetUpdates", "result":"DeleteReceived", "context":{"id":"332f50aa-cb55-4767-a592-c6299daf636b", "isDeleted:":"true", "version":"1722905087093"}}
{"logTime": "0926/174517", "correlationVector":"WIkWDQecInu/GiD2V0KRYl.7","action":"GetUpdates", "result":"DeleteReceived", "context":{"id":"f84e5eaf-de7a-4f90-ab78-996a117c89e3", "isDeleted:":"true", "version":"1720865894895"}}
{"logTime": "0926/174517", "correlationVector":"WIkWDQecInu/GiD2V0KRYl.8","action":"GetUpdates", "result":"DeleteReceived", "context":{"id":"f3dcf444-fb74-43b0-b0aa-bf8d6e6984b9", "isDeleted:":"true", "version":"1720865894896"}}
{"logTime": "0926/174517", "correlationVector":"WIkWDQecInu/GiD2V0KRYl.9","action":"GetUpdates", "result":"DeleteReceived", "context":{"id":"4504213f-40b1-4474-844c-81d305c42474", "isDeleted:":"true", "version":"1720865894897"}}
{"logTime": "0926/174517", "correlationVector":"WIkWDQecInu/GiD2V0KRYl.10","action":"GetUpdates", "result":"DeleteReceived", "context":{"id":"6abcebcf-8ea0-4767-804f-e7abe59a615f", "isDeleted:":"true", "version":"1720865894898"}}
{"logTime": "0926/174517", "correlationVector":"WIkWDQecInu/GiD2V0KRYl.11","action":"GetUpdates", "result":"DeleteReceived", "context":{"id":"08005da1-acf7-4d26-a86c-115d0cee3c17", "isDeleted:":"true", "version":"1720865894899"}}
{"logTime": "0926/174517", "correlationVector":"WIkWDQecInu/GiD2V0KRYl.12","action":"GetUpdates", "result":"DeleteReceived", "context":{"id":"e2e188b4-902d-46b6-9797-f10f0ce862fc", "isDeleted:":"true", "version":"1720865894901"}}
{"logTime": "0926/174517", "correlationVector":"WIkWDQecInu/GiD2V0KRYl.13","action":"GetUpdates", "result":"DeleteReceived", "context":{"id":"c76f7d64-512b-4557-89a0-d520103c7908", "isDeleted:":"true", "version":"1720865894902"}}
{"logTime": "0926/174517", "correlationVector":"WIkWDQecInu/GiD2V0KRYl.14","action":"GetUpdates", "result":"DeleteReceived", "context":{"id":"a2230db3-7f24-41f5-9248-e521d3913294", "isDeleted:":"true", "version":"1721240895152"}}
{"logTime": "0926/174517", "correlationVector":"WIkWDQecInu/GiD2V0KRYl.15","action":"GetUpdates", "result":"DeleteReceived", "context":{"id":"ddf584ff-bf87-49e2-9a16-0c955e637e9e", "isDeleted:":"true", "version":"1721432176444"}}
{"logTime": "0926/174517", "correlationVector":"WIkWDQecInu/GiD2V0KRYl.16","action":"GetUpdates", "result":"DeleteReceived", "context":{"id":"666977ae-25a6-4fe7-a2d8-a2cdce0c2c4a", "isDeleted:":"true", "version":"1721432176446"}}
{"logTime": "0926/174517", "correlationVector":"WIkWDQecInu/GiD2V0KRYl.17","action":"GetUpdates", "result":"DeleteReceived", "context":{"id":"666e9d35-e90c-4872-b83d-54759919adaa", "isDeleted:":"true", "version":"1721447657195"}}
{"logTime": "0926/174517", "correlationVector":"WIkWDQecInu/GiD2V0KRYl.18","action":"GetUpdates", "result":"DeleteReceived", "context":{"id":"9f11bddc-6afe-43e6-9dce-e0a2ef6f78ab", "isDeleted:":"true", "version":"1721689382697"}}
{"logTime": "0926/174517", "correlationVector":"WIkWDQecInu/GiD2V0KRYl.19","action":"GetUpdates", "result":"DeleteReceived", "context":{"id":"f79e64f9-5311-4aa5-a9cd-8375bced800e", "isDeleted:":"true", "version":"1721689382698"}}
{"logTime": "0926/174517", "correlationVector":"WIkWDQecInu/GiD2V0KRYl.20","action":"GetUpdates", "result":"DeleteReceived", "context":{"id":"8adeaff8-fc4e-49ca-9f71-7f996a25b72a", "isDeleted:":"true", "version":"1721689382699"}}
{"logTime": "0926/174517", "correlationVector":"WIkWDQecInu/GiD2V0KRYl.21","action":"GetUpdates", "result":"DeleteReceived", "context":{"id":"4ae15061-c327-4503-a4fc-e3b26be891fd", "isDeleted:":"true", "version":"1721689382700"}}
{"logTime": "0926/174517", "correlationVector":"WIkWDQecInu/GiD2V0KRYl.22","action":"GetUpdates", "result":"DeleteReceived", "context":{"id":"6006c58a-121f-4bbd-800a-ece25e93fb62", "isDeleted:":"true", "version":"1721689382702"}}
{"logTime": "0926/174517", "correlationVector":"WIkWDQecInu/GiD2V0KRYl.23","action":"GetUpdates", "result":"DeleteReceived", "context":{"id":"5a1a0509-f36a-489b-ba48-5aabd70930b0", "isDeleted:":"true", "version":"1721689382703"}}
{"logTime": "0926/174517", "correlationVector":"WIkWDQecInu/GiD2V0KRYl.24","action":"GetUpdates", "result":"DeleteReceived", "context":{"id":"e379fa31-b2fd-48fa-b724-61ad78614ad7", "isDeleted:":"true", "version":"1721697987987"}}
{"logTime": "0926/174517", "correlationVector":"WIkWDQecInu/GiD2V0KRYl.25","action":"GetUpdates", "result":"DeleteReceived", "context":{"id":"ab36bb79-917b-4d49-8302-1a2d3195424f", "isDeleted:":"true", "version":"1721697987988"}}
{"logTime": "0926/174517", "correlationVector":"WIkWDQecInu/GiD2V0KRYl.26","action":"GetUpdates", "result":"DeleteReceived", "context":{"id":"0a8045b0-a0d1-42dc-9d0f-6b03f801dd20", "isDeleted:":"true", "version":"1721697987989"}}
{"logTime": "0926/174517", "correlationVector":"WIkWDQecInu/GiD2V0KRYl.27","action":"GetUpdates", "result":"DeleteReceived", "context":{"id":"98c3c643-6b04-4195-bc76-71ab56f1b9ad", "isDeleted:":"true", "version":"1721697987990"}}
{"logTime": "0926/174517", "correlationVector":"WIkWDQecInu/GiD2V0KRYl.28","action":"GetUpdates", "result":"DeleteReceived", "context":{"id":"24c8b99d-54e6-4c74-b5f3-4e07d765375c", "isDeleted:":"true", "version":"1721697987992"}}
{"logTime": "0926/174517", "correlationVector":"WIkWDQecInu/GiD2V0KRYl.29","action":"GetUpdates", "result":"DeleteReceived", "context":{"id":"cf546a2c-4501-403e-9727-1954837c50f0", "isDeleted:":"true", "version":"1721697987993"}}
{"logTime": "0926/174517", "correlationVector":"WIkWDQecInu/GiD2V0KRYl.30","action":"GetUpdates", "result":"DeleteReceived", "context":{"id":"3ad41c3f-3fa1-40cc-8939-29d46bd46683", "isDeleted:":"true", "version":"1721859581668"}}
{"logTime": "0926/174517", "correlationVector":"WIkWDQecInu/GiD2V0KRYl.31","action":"GetUpdates", "result":"DeleteReceived", "context":{"id":"fe04f6fd-8866-4e3e-804c-8b1a2e3b7838", "isDeleted:":"true", "version":"1721859581669"}}
{"logTime": "0926/174517", "correlationVector":"WIkWDQecInu/GiD2V0KRYl.32","action":"GetUpdates", "result":"DeleteReceived", "context":{"id":"7cdaa722-3c0a-4476-ac39-da6aa6744a38", "isDeleted:":"true", "version":"1721859581670"}}
{"logTime": "0926/174517", "correlationVector":"WIkWDQecInu/GiD2V0KRYl.33","action":"GetUpdates", "result":"DeleteReceived", "context":{"id":"92b99e41-093f-4e13-8cea-59491e0ed4ee", "isDeleted:":"true", "version":"1721859581671"}}
{"logTime": "0926/174517", "correlationVector":"WIkWDQecInu/GiD2V0KRYl.34","action":"GetUpdates", "result":"DeleteReceived", "context":{"id":"87077ee3-8f93-4e3b-8a0b-392b67f89715", "isDeleted:":"true", "version":"1721859581672"}}
{"logTime": "0926/174517", "correlationVector":"WIkWDQecInu/GiD2V0KRYl.35","action":"GetUpdates", "result":"DeleteReceived", "context":{"id":"d416de24-4a33-4242-8f64-9bb86a61adda", "isDeleted:":"true", "version":"1721859581673"}}
{"logTime": "0926/174517", "correlationVector":"WIkWDQecInu/GiD2V0KRYl.36","action":"GetUpdates", "result":"DeleteReceived", "context":{"id":"56c873f5-1759-47e0-9d3e-4222ec252f12", "isDeleted:":"true", "version":"1721859581674"}}
{"logTime": "0926/174517", "correlationVector":"WIkWDQecInu/GiD2V0KRYl.37","action":"GetUpdates", "result":"DeleteReceived", "context":{"id":"3fe59193-0223-4d97-abd1-02c486a71240", "isDeleted:":"true", "version":"1721859581676"}}
{"logTime": "0926/174517", "correlationVector":"WIkWDQecInu/GiD2V0KRYl.38","action":"GetUpdates", "result":"DeleteReceived", "context":{"id":"52094c30-56c6-4b5c-9ca5-f10582094fed", "isDeleted:":"true", "version":"1721859581677"}}
{"logTime": "0926/174517", "correlationVector":"WIkWDQecInu/GiD2V0KRYl.39","action":"GetUpdates", "result":"DeleteReceived", "context":{"id":"398403b3-0e77-458e-a22e-08ca4d6bd780", "isDeleted:":"true", "version":"1721859581678"}}
{"logTime": "0926/174517", "correlationVector":"WIkWDQecInu/GiD2V0KRYl.40","action":"GetUpdates", "result":"DeleteReceived", "context":{"id":"d96c9a29-832c-454f-b3e6-71e4dae6cd27", "isDeleted:":"true", "version":"1721871315720"}}
{"logTime": "0926/174517", "correlationVector":"WIkWDQecInu/GiD2V0KRYl.41","action":"GetUpdates", "result":"DeleteReceived", "context":{"id":"9dec75bf-0a47-413d-a6ba-7c30f7c63b74", "isDeleted:":"true", "version":"1721871315721"}}
{"logTime": "0926/174517", "correlationVector":"WIkWDQecInu/GiD2V0KRYl.42","action":"GetUpdates", "result":"DeleteReceived", "context":{"id":"942b8a55-7c26-4b45-ab4c-8ba048514cb3", "isDeleted:":"true", "version":"1721871315723"}}
{"logTime": "0926/174517", "correlationVector":"WIkWDQecInu/GiD2V0KRYl.43","action":"GetUpdates", "result":"DeleteReceived", "context":{"id":"f0f71beb-765c-4719-a142-bba6078a9e6a", "isDeleted:":"true", "version":"1721871315724"}}
{"logTime": "0926/174517", "correlationVector":"WIkWDQecInu/GiD2V0KRYl.44","action":"GetUpdates", "result":"DeleteReceived", "context":{"id":"626a5f21-06eb-4401-b920-8ec3f975caef", "isDeleted:":"true", "version":"1721871315725"}}
{"logTime": "0926/174517", "correlationVector":"WIkWDQecInu/GiD2V0KRYl.45","action":"GetUpdates", "result":"DeleteReceived", "context":{"id":"d9bdf4fd-0bc0-4ea2-ae50-ed8c2c326dda", "isDeleted:":"true", "version":"1721871315727"}}
{"logTime": "0926/174517", "correlationVector":"WIkWDQecInu/GiD2V0KRYl.46","action":"GetUpdates", "result":"DeleteReceived", "context":{"id":"11a919a4-f53c-4b4f-8708-b29ddb083c8f", "isDeleted:":"true", "version":"1721871315729"}}
{"logTime": "0926/174517", "correlationVector":"WIkWDQecInu/GiD2V0KRYl.47","action":"GetUpdates", "result":"DeleteReceived", "context":{"id":"a0d3000b-e1c2-4487-aaca-4a0e725b90ed", "isDeleted:":"true", "version":"1721871315730"}}
{"logTime": "0926/174517", "correlationVector":"WIkWDQecInu/GiD2V0KRYl.48","action":"GetUpdates", "result":"DeleteReceived", "context":{"id":"d638fcec-eed6-4ec9-9f2c-5e7ed11e76c1", "isDeleted:":"true", "version":"1721871315734"}}
{"logTime": "0926/174517", "correlationVector":"WIkWDQecInu/GiD2V0KRYl.49","action":"GetUpdates", "result":"DeleteReceived", "context":{"id":"b4119154-b0ab-42f6-ab4e-9fe0f19b8772", "isDeleted:":"true", "version":"1721871315735"}}
{"logTime": "0926/174517", "correlationVector":"WIkWDQecInu/GiD2V0KRYl.50","action":"GetUpdates", "result":"DeleteReceived", "context":{"id":"0f4bee92-3875-4937-82ce-b505ced9dc44", "isDeleted:":"true", "version":"1721871369044"}}
{"logTime": "0926/174517", "correlationVector":"WIkWDQecInu/GiD2V0KRYl.51","action":"GetUpdates", "result":"DeleteReceived", "context":{"id":"dba3d1bc-8f15-43c4-96f7-f3b1b46ecc69", "isDeleted:":"true", "version":"1721871369045"}}
{"logTime": "0926/174517", "correlationVector":"WIkWDQecInu/GiD2V0KRYl.52","action":"GetUpdates", "result":"DeleteReceived", "context":{"id":"21d51d29-f86c-4ee1-9f7a-d833cbe18a49", "isDeleted:":"true", "version":"1721871369046"}}
{"logTime": "0926/174517", "correlationVector":"WIkWDQecInu/GiD2V0KRYl.53","action":"GetUpdates", "result":"DeleteReceived", "context":{"id":"0868d8c0-d701-4f19-a5fa-d184b33f0dc6", "isDeleted:":"true", "version":"1721871369049"}}
{"logTime": "0926/174517", "correlationVector":"WIkWDQecInu/GiD2V0KRYl.54","action":"GetUpdates", "result":"DeleteReceived", "context":{"id":"2e18562a-c56d-409e-a376-efc361a91b48", "isDeleted:":"true", "version":"1721871369050"}}
{"logTime": "0926/174517", "correlationVector":"WIkWDQecInu/GiD2V0KRYl.55","action":"GetUpdates", "result":"DeleteReceived", "context":{"id":"e5de3270-37b2-42f0-aa1f-cad015b3fdb5", "isDeleted:":"true", "version":"1721871369052"}}
{"logTime": "0926/174517", "correlationVector":"WIkWDQecInu/GiD2V0KRYl.56","action":"GetUpdates", "result":"DeleteReceived", "context":{"id":"bafa382b-16b7-4516-ac79-5b668414aef5", "isDeleted:":"true", "version":"1722221371339"}}
{"logTime": "0926/174517", "correlationVector":"WIkWDQecInu/GiD2V0KRYl.57","action":"GetUpdates", "result":"DeleteReceived", "context":{"id":"100c11a3-0cfc-43a9-b7cb-e6b2d42c09e5", "isDeleted:":"true", "version":"1722221371340"}}
{"logTime": "0926/174517", "correlationVector":"WIkWDQecInu/GiD2V0KRYl.58","action":"GetUpdates", "result":"DeleteReceived", "context":{"id":"aac3b965-c18f-4c8c-9b7b-c479bb1824d1", "isDeleted:":"true", "version":"1722221371341"}}
{"logTime": "0926/174517", "correlationVector":"WIkWDQecInu/GiD2V0KRYl.59","action":"GetUpdates", "result":"DeleteReceived", "context":{"id":"40bbd50b-4fa1-4717-90fa-5a14e9aeb83f", "isDeleted:":"true", "version":"1722221371344"}}
{"logTime": "0926/174517", "correlationVector":"WIkWDQecInu/GiD2V0KRYl.60","action":"GetUpdates", "result":"DeleteReceived", "context":{"id":"bfed0ec5-9dc0-4a6c-b5a1-f2b287937594", "isDeleted:":"true", "version":"1722557083171"}}
{"logTime": "0926/174517", "correlationVector":"WIkWDQecInu/GiD2V0KRYl.61","action":"GetUpdates", "result":"DeleteReceived", "context":{"id":"c674521e-25fa-42e6-ad4c-5889a4e9f4f7", "isDeleted:":"true", "version":"1722557097558"}}
{"logTime": "0926/174517", "correlationVector":"WIkWDQecInu/GiD2V0KRYl.62","action":"GetUpdates", "result":"DeleteReceived", "context":{"id":"203e7428-8380-4243-8dec-c0722895f6e0", "isDeleted:":"true", "version":"1722557212613"}}
{"logTime": "0926/174517", "correlationVector":"WIkWDQecInu/GiD2V0KRYl.63","action":"GetUpdates", "result":"DeleteReceived", "context":{"id":"d0134c8a-6cbf-4d5c-beac-6d5ebc72c1ef", "isDeleted:":"true", "version":"1722560709633"}}
{"logTime": "0926/174517", "correlationVector":"WIkWDQecInu/GiD2V0KRYl.64","action":"GetUpdates", "result":"DeleteReceived", "context":{"id":"6bc53465-9f1f-4182-a793-6d5fed85db64", "isDeleted:":"true", "version":"1722561321959"}}
{"logTime": "0926/174517", "correlationVector":"WIkWDQecInu/GiD2V0KRYl.65","action":"GetUpdates", "result":"DeleteReceived", "context":{"id":"8ba368d9-601a-4cf4-999d-1612f70e4226", "isDeleted:":"true", "version":"1722561321960"}}
{"logTime": "0926/174517", "correlationVector":"WIkWDQecInu/GiD2V0KRYl.66","action":"GetUpdates", "result":"DeleteReceived", "context":{"id":"a8cccd61-65de-4b42-aa4a-69c5d8ea147c", "isDeleted:":"true", "version":"1722563565058"}}
{"logTime": "0926/174517", "correlationVector":"WIkWDQecInu/GiD2V0KRYl.67","action":"GetUpdates", "result":"DeleteReceived", "context":{"id":"4a5f9705-d087-467c-9884-1a77d5189062", "isDeleted:":"true", "version":"1722563565059"}}
{"logTime": "0926/174517", "correlationVector":"WIkWDQecInu/GiD2V0KRYl.68","action":"GetUpdates", "result":"DeleteReceived", "context":{"id":"4fa3a9b2-a17d-47b0-ad04-11263a4da0b4", "isDeleted:":"true", "version":"1722563565062"}}
{"logTime": "0926/174517", "correlationVector":"WIkWDQecInu/GiD2V0KRYl.69","action":"GetUpdates", "result":"DeleteReceived", "context":{"id":"5c4c06d7-f7bc-4f13-8d70-9740f1eb12ff", "isDeleted:":"true", "version":"1722639576039"}}
{"logTime": "0926/174517", "correlationVector":"WIkWDQecInu/GiD2V0KRYl.70","action":"GetUpdates", "result":"DeleteReceived", "context":{"id":"24ab14ad-b0ce-42a3-96f4-60acbe87fdcf", "isDeleted:":"true", "version":"1722639576040"}}
{"logTime": "0926/174517", "correlationVector":"WIkWDQecInu/GiD2V0KRYl.71","action":"GetUpdates", "result":"DeleteReceived", "context":{"id":"b4905c36-e244-4610-8663-0fd8406e175c", "isDeleted:":"true", "version":"1722639576041"}}
{"logTime": "0926/174517", "correlationVector":"WIkWDQecInu/GiD2V0KRYl.72","action":"GetUpdates", "result":"DeleteReceived", "context":{"id":"6eb348bb-0869-47a5-8734-336f40156181", "isDeleted:":"true", "version":"1722639576044"}}
{"logTime": "0926/174517", "correlationVector":"WIkWDQecInu/GiD2V0KRYl.73","action":"GetUpdates", "result":"DeleteReceived", "context":{"id":"489f0ea4-2975-4602-aa56-2b743f531502", "isDeleted:":"true", "version":"1722639576045"}}
{"logTime": "0926/174517", "correlationVector":"WIkWDQecInu/GiD2V0KRYl.74","action":"GetUpdates", "result":"DeleteReceived", "context":{"id":"b85e4169-a781-4018-b264-dfadead703df", "isDeleted:":"true", "version":"1722645108207"}}
{"logTime": "0926/174517", "correlationVector":"WIkWDQecInu/GiD2V0KRYl.75","action":"GetUpdates", "result":"DeleteReceived", "context":{"id":"a4096249-64ac-4ccb-9729-febb85bf73c0", "isDeleted:":"true", "version":"1722645108208"}}
{"logTime": "0926/174517", "correlationVector":"WIkWDQecInu/GiD2V0KRYl.76","action":"GetUpdates", "result":"DeleteReceived", "context":{"id":"16849884-9260-4c1b-962a-8e5d6266ffce", "isDeleted:":"true", "version":"1722645600812"}}
{"logTime": "0926/174517", "correlationVector":"WIkWDQecInu/GiD2V0KRYl.77","action":"GetUpdates", "result":"DeleteReceived", "context":{"id":"a27034a9-5ad2-4f6a-ac23-b70b0ba9a60b", "isDeleted:":"true", "version":"1722645629422"}}
{"logTime": "0926/174517", "correlationVector":"WIkWDQecInu/GiD2V0KRYl.78","action":"GetUpdates", "result":"DeleteReceived", "context":{"id":"617a424a-41e2-4562-a290-2b0d53e7381a", "isDeleted:":"true", "version":"1722645629423"}}
{"logTime": "0926/174517", "correlationVector":"WIkWDQecInu/GiD2V0KRYl.79","action":"GetUpdates", "result":"DeleteReceived", "context":{"id":"9aefa10c-f1ef-476e-9e84-a605086d03df", "isDeleted:":"true", "version":"1722680932685"}}
{"logTime": "0926/174517", "correlationVector":"WIkWDQecInu/GiD2V0KRYl.80","action":"GetUpdates", "result":"DeleteReceived", "context":{"id":"d169e246-4dfa-41e5-8a9f-016cb88c5714", "isDeleted:":"true", "version":"1722680932686"}}
{"logTime": "0926/174517", "correlationVector":"WIkWDQecInu/GiD2V0KRYl.81","action":"GetUpdates", "result":"DeleteReceived", "context":{"id":"0dcf7d57-6788-4fa6-b620-53c657ec62ec", "isDeleted:":"true", "version":"1722680932687"}}
{"logTime": "0926/174517", "correlationVector":"WIkWDQecInu/GiD2V0KRYl.82","action":"GetUpdates", "result":"DeleteReceived", "context":{"id":"1b446390-ac26-499d-9251-af57d3b78cd8", "isDeleted:":"true", "version":"1722680932688"}}
{"logTime": "0926/174517", "correlationVector":"WIkWDQecInu/GiD2V0KRYl.83","action":"GetUpdates", "result":"DeleteReceived", "context":{"id":"1a2362e7-a44e-45ed-9a2b-6f54e9065e80", "isDeleted:":"true", "version":"1722680932689"}}
{"logTime": "0926/174517", "correlationVector":"WIkWDQecInu/GiD2V0KRYl.84","action":"GetUpdates", "result":"DeleteReceived", "context":{"id":"b39d6673-f787-49eb-b2d2-27bf6dccc8de", "isDeleted:":"true", "version":"1722680932690"}}
{"logTime": "0926/174517", "correlationVector":"WIkWDQecInu/GiD2V0KRYl.85","action":"GetUpdates", "result":"DeleteReceived", "context":{"id":"5a6d00f1-84c7-4334-953e-a789144a7e88", "isDeleted:":"true", "version":"1722680932691"}}
{"logTime": "0926/174517", "correlationVector":"WIkWDQecInu/GiD2V0KRYl.86","action":"GetUpdates", "result":"DeleteReceived", "context":{"id":"42f0d062-6b83-446c-9e42-b9975af8fad1", "isDeleted:":"true", "version":"1722680932692"}}
{"logTime": "0926/174517", "correlationVector":"WIkWDQecInu/GiD2V0KRYl.87","action":"GetUpdates", "result":"DeleteReceived", "context":{"id":"fedebdaa-5731-4cff-999a-63ee33e1a3ba", "isDeleted:":"true", "version":"1722680932693"}}
{"logTime": "0926/174517", "correlationVector":"WIkWDQecInu/GiD2V0KRYl.88","action":"GetUpdates", "result":"DeleteReceived", "context":{"id":"2bbbd2d2-0930-4815-8a29-24fe779ab6a9", "isDeleted:":"true", "version":"1722680932696"}}
{"logTime": "0926/174517", "correlationVector":"WIkWDQecInu/GiD2V0KRYl.89","action":"GetUpdates", "result":"DeleteReceived", "context":{"id":"cbf532a8-68de-45fc-abab-e4b6e19efadf", "isDeleted:":"true", "version":"1722680932697"}}
{"logTime": "0926/174517", "correlationVector":"WIkWDQecInu/GiD2V0KRYl.90","action":"GetUpdates", "result":"DeleteReceived", "context":{"id":"d1bcc1e3-2233-4003-9bde-d8de6a48c9c5", "isDeleted:":"true", "version":"1722680932698"}}
{"logTime": "0926/174517", "correlationVector":"WIkWDQecInu/GiD2V0KRYl.91","action":"GetUpdates", "result":"DeleteReceived", "context":{"id":"054dc003-9654-4d5f-9559-ff45157d46e0", "isDeleted:":"true", "version":"1722680932699"}}
{"logTime": "0926/174517", "correlationVector":"WIkWDQecInu/GiD2V0KRYl.92","action":"GetUpdates", "result":"DeleteReceived", "context":{"id":"2888eff8-8f60-4371-b8ea-d2b9f1d9282d", "isDeleted:":"true", "version":"1722680932700"}}
{"logTime": "0926/174517", "correlationVector":"WIkWDQecInu/GiD2V0KRYl.93","action":"GetUpdates", "result":"DeleteReceived", "context":{"id":"ca141d54-50d0-4195-bb33-e463c5a0e179", "isDeleted:":"true", "version":"1722680932701"}}
{"logTime": "0926/174517", "correlationVector":"WIkWDQecInu/GiD2V0KRYl.94","action":"GetUpdates", "result":"DeleteReceived", "context":{"id":"f2bfcdf0-b816-4c77-82dd-a52008080f9a", "isDeleted:":"true", "version":"1722905079800"}}
{"logTime": "0926/174517", "correlationVector":"WIkWDQecInu/GiD2V0KRYl.95","action":"GetUpdates", "result":"DeleteReceived", "context":{"id":"6a4d9f56-9653-4b21-ac14-543a63364db2", "isDeleted:":"true", "version":"1722905079803"}}
{"logTime": "0926/174517", "correlationVector":"WIkWDQecInu/GiD2V0KRYl.96","action":"GetUpdates Response", "result":"Success", "context":Received 250 update(s). cV=WIkWDQecInu/GiD2V0KRYl.0;server=general0100000D;cloudType=Consumer;environment=Prod_EastUS2_000e;migrationStage=NotStarted Some updates remain.}
{"logTime": "0926/174517", "correlationVector":"eyPOEI673Puw8XS17J3+pD","action":"Initial GetUpdates", "result":"", "context":Reason: NEWLY_SUPPORTED_DATATYPE. cV=eyPOEI673Puw8XS17J3+pD}
{"logTime": "0926/174518", "correlationVector":"eyPOEI673Puw8XS17J3+pD","action":"SyncServerConnectionManagerRequest", "result":"CONNECTION_UNAVAILABLE", "context":{"error_type":"net_error_code", "error_value":"-3"}}
